2020-05-21 15:05:30,081 INFO o.a.j.u.JMeterUtils: Setting Locale to en_EN
2020-05-21 15:05:30,221 INFO o.a.j.JMeter: Loading user properties from: C:\ProgramData\chocolatey\lib\jmeter\tools\apache-jmeter-5.2.1\bin\user.properties
2020-05-21 15:05:30,233 INFO o.a.j.JMeter: Loading system properties from: C:\ProgramData\chocolatey\lib\jmeter\tools\apache-jmeter-5.2.1\bin\system.properties
2020-05-21 15:05:30,236 INFO o.a.j.JMeter: Copyright (c) 1998-2019 The Apache Software Foundation
2020-05-21 15:05:30,237 INFO o.a.j.JMeter: Version 5.2.1
2020-05-21 15:05:30,237 INFO o.a.j.JMeter: java.version=11.0.6
2020-05-21 15:05:30,237 INFO o.a.j.JMeter: java.vm.name=Java HotSpot(TM) 64-Bit Server VM
2020-05-21 15:05:30,237 INFO o.a.j.JMeter: os.name=Windows 10
2020-05-21 15:05:30,237 INFO o.a.j.JMeter: os.arch=amd64
2020-05-21 15:05:30,237 INFO o.a.j.JMeter: os.version=10.0
2020-05-21 15:05:30,237 INFO o.a.j.JMeter: file.encoding=Cp1252
2020-05-21 15:05:30,238 INFO o.a.j.JMeter: java.awt.headless=null
2020-05-21 15:05:30,238 INFO o.a.j.JMeter: Max memory     =1073741824
2020-05-21 15:05:30,238 INFO o.a.j.JMeter: Available Processors =8
2020-05-21 15:05:30,248 INFO o.a.j.JMeter: Default Locale=English (EN)
2020-05-21 15:05:30,249 INFO o.a.j.JMeter: JMeter  Locale=English (EN)
2020-05-21 15:05:30,249 INFO o.a.j.JMeter: JMeterHome=C:\ProgramData\chocolatey\lib\jmeter\tools\apache-jmeter-5.2.1
2020-05-21 15:05:30,249 INFO o.a.j.JMeter: user.dir  =C:\Users\Asus\Desktop\3ANO2SEM\SE\es20tg_45-project\backend
2020-05-21 15:05:30,250 INFO o.a.j.JMeter: PWD       =C:\Users\Asus\Desktop\3ANO2SEM\SE\es20tg_45-project\backend
2020-05-21 15:05:39,316 INFO o.a.j.JMeter: IP: 10.10.10.1 Name: Pedro FullName: Pedro
2020-05-21 15:05:40,356 INFO o.a.j.g.a.LookAndFeelCommand: Installing Darcula LAF
2020-05-21 15:05:40,418 INFO o.a.j.g.a.LookAndFeelCommand: Using look and feel: com.bulenkov.darcula.DarculaLaf [Darcula]
2020-05-21 15:05:40,419 INFO o.a.j.JMeter: Setting LAF to: com.bulenkov.darcula.DarculaLaf
2020-05-21 15:05:40,646 INFO o.a.j.JMeter: Loaded icon properties from org/apache/jmeter/images/icon.properties
2020-05-21 15:05:44,887 INFO o.a.j.p.h.s.HTTPSamplerBase: Parser for text/html is org.apache.jmeter.protocol.http.parser.LagartoBasedHtmlParser
2020-05-21 15:05:44,888 INFO o.a.j.p.h.s.HTTPSamplerBase: Parser for application/xhtml+xml is org.apache.jmeter.protocol.http.parser.LagartoBasedHtmlParser
2020-05-21 15:05:44,888 INFO o.a.j.p.h.s.HTTPSamplerBase: Parser for application/xml is org.apache.jmeter.protocol.http.parser.LagartoBasedHtmlParser
2020-05-21 15:05:44,888 INFO o.a.j.p.h.s.HTTPSamplerBase: Parser for text/xml is org.apache.jmeter.protocol.http.parser.LagartoBasedHtmlParser
2020-05-21 15:05:44,888 INFO o.a.j.p.h.s.HTTPSamplerBase: Parser for text/vnd.wap.wml is org.apache.jmeter.protocol.http.parser.RegexpHTMLParser
2020-05-21 15:05:44,888 INFO o.a.j.p.h.s.HTTPSamplerBase: Parser for text/css is org.apache.jmeter.protocol.http.parser.CssParser
2020-05-21 15:05:46,093 INFO o.a.j.e.KeyToolUtils: keytool found at 'keytool'
2020-05-21 15:05:46,094 INFO o.a.j.p.h.p.ProxyControl: HTTP(S) Test Script Recorder SSL Proxy will use keys that support embedded 3rd party resources in file C:\ProgramData\chocolatey\lib\jmeter\tools\apache-jmeter-5.2.1\bin\proxyserver.jks
2020-05-21 15:05:46,624 INFO o.a.j.s.FileServer: Default base='C:\Users\Asus\Desktop\3ANO2SEM\SE\es20tg_45-project\backend'
2020-05-21 15:05:48,998 INFO o.a.j.s.SampleResult: Note: Sample TimeStamps are START times
2020-05-21 15:05:48,999 INFO o.a.j.s.SampleResult: sampleresult.default.encoding is set to ISO-8859-1
2020-05-21 15:05:48,999 INFO o.a.j.s.SampleResult: sampleresult.useNanoTime=true
2020-05-21 15:05:48,999 INFO o.a.j.s.SampleResult: sampleresult.nanoThreadSleep=5000
2020-05-21 15:05:49,068 INFO o.a.j.v.ViewResultsFullVisualizer: Add JavaFX to your Java installation if you want to use renderer: org.apache.jmeter.visualizers.RenderInBrowser
2020-05-21 15:05:56,564 INFO o.a.j.g.a.Load: Loading file: C:\Users\Asus\Desktop\3ANO2SEM\SE\es20tg_45-project\backend\jmeter\doubt\WScloseDiscussion.jmx
2020-05-21 15:05:56,565 INFO o.a.j.s.FileServer: Set new base='C:\Users\Asus\Desktop\3ANO2SEM\SE\es20tg_45-project\backend\jmeter\doubt'
2020-05-21 15:05:56,922 INFO o.a.j.s.SaveService: Testplan (JMX) version: 2.2. Testlog (JTL) version: 2.2
2020-05-21 15:05:56,955 INFO o.a.j.s.SaveService: Using SaveService properties version 5.0
2020-05-21 15:05:56,959 INFO o.a.j.s.SaveService: Using SaveService properties file encoding UTF-8
2020-05-21 15:05:56,962 INFO o.a.j.s.SaveService: Loading file: C:\Users\Asus\Desktop\3ANO2SEM\SE\es20tg_45-project\backend\jmeter\doubt\WScloseDiscussion.jmx
2020-05-21 15:05:57,217 INFO o.a.j.v.ViewResultsFullVisualizer: Add JavaFX to your Java installation if you want to use renderer: org.apache.jmeter.visualizers.RenderInBrowser
2020-05-21 15:05:57,351 INFO o.a.j.v.ViewResultsFullVisualizer: Add JavaFX to your Java installation if you want to use renderer: org.apache.jmeter.visualizers.RenderInBrowser
2020-05-21 15:05:57,589 INFO o.a.j.s.FileServer: Set new base='C:\Users\Asus\Desktop\3ANO2SEM\SE\es20tg_45-project\backend\jmeter\doubt'
2020-05-21 15:09:00,722 ERROR o.a.j.g.a.Save: Failed to backup file: C:\Users\Asus\Desktop\3ANO2SEM\SE\es20tg_45-project\backend\jmeter\doubt\WScloseDiscussion.jmx
java.io.FileNotFoundException: C:\ProgramData\chocolatey\lib\jmeter\tools\apache-jmeter-5.2.1\backups\WScloseDiscussion-000001.jmx (Acesso negado)
	at java.io.FileOutputStream.open0(Native Method) ~[?:?]
	at java.io.FileOutputStream.open(FileOutputStream.java:298) ~[?:?]
	at java.io.FileOutputStream.<init>(FileOutputStream.java:237) ~[?:?]
	at java.io.FileOutputStream.<init>(FileOutputStream.java:187) ~[?:?]
	at org.apache.commons.io.FileUtils.doCopyFile(FileUtils.java:1123) ~[commons-io-2.6.jar:2.6]
	at org.apache.commons.io.FileUtils.copyFile(FileUtils.java:1076) ~[commons-io-2.6.jar:2.6]
	at org.apache.commons.io.FileUtils.copyFile(FileUtils.java:1028) ~[commons-io-2.6.jar:2.6]
	at org.apache.jmeter.gui.action.Save.createBackupFile(Save.java:383) ~[ApacheJMeter_core.jar:5.2.1]
	at org.apache.jmeter.gui.action.Save.backupAndSave(Save.java:246) ~[ApacheJMeter_core.jar:5.2.1]
	at org.apache.jmeter.gui.action.Save.doAction(Save.java:175) ~[ApacheJMeter_core.jar:5.2.1]
	at org.apache.jmeter.gui.action.ActionRouter.performAction(ActionRouter.java:88) ~[ApacheJMeter_core.jar:5.2.1]
	at org.apache.jmeter.gui.action.ActionRouter.doActionNow(ActionRouter.java:125) ~[ApacheJMeter_core.jar:5.2.1]
	at org.apache.jmeter.gui.action.AbstractAction.popupShouldSave(AbstractAction.java:80) ~[ApacheJMeter_core.jar:5.2.1]
	at org.apache.jmeter.gui.action.Start.doAction(Start.java:113) ~[ApacheJMeter_core.jar:5.2.1]
	at org.apache.jmeter.gui.action.ActionRouter.performAction(ActionRouter.java:88) ~[ApacheJMeter_core.jar:5.2.1]
	at org.apache.jmeter.gui.action.ActionRouter.lambda$actionPerformed$0(ActionRouter.java:70) ~[ApacheJMeter_core.jar:5.2.1]
	at java.awt.event.InvocationEvent.dispatch(InvocationEvent.java:313) [?:?]
	at java.awt.EventQueue.dispatchEventImpl(EventQueue.java:770) [?:?]
	at java.awt.EventQueue$4.run(EventQueue.java:721) [?:?]
	at java.awt.EventQueue$4.run(EventQueue.java:715) [?:?]
	at java.security.AccessController.doPrivileged(Native Method) ~[?:?]
	at java.security.ProtectionDomain$JavaSecurityAccessImpl.doIntersectionPrivilege(ProtectionDomain.java:85) [?:?]
	at java.awt.EventQueue.dispatchEvent(EventQueue.java:740) [?:?]
	at java.awt.EventDispatchThread.pumpOneEventForFilters(EventDispatchThread.java:203) [?:?]
	at java.awt.EventDispatchThread.pumpEventsForFilter(EventDispatchThread.java:124) [?:?]
	at java.awt.EventDispatchThread.pumpEventsForHierarchy(EventDispatchThread.java:113) [?:?]
	at java.awt.EventDispatchThread.pumpEvents(EventDispatchThread.java:109) [?:?]
	at java.awt.EventDispatchThread.pumpEvents(EventDispatchThread.java:101) [?:?]
	at java.awt.EventDispatchThread.run(EventDispatchThread.java:90) [?:?]
2020-05-21 15:09:00,772 INFO o.a.j.e.StandardJMeterEngine: Running the test!
2020-05-21 15:09:00,775 INFO o.a.j.s.SampleEvent: List of sample_variables: []
2020-05-21 15:09:00,776 INFO o.a.j.s.SampleEvent: List of sample_variables: []
2020-05-21 15:09:00,778 INFO o.a.j.e.u.CompoundVariable: Note: Function class names must contain the string: '.functions.'
2020-05-21 15:09:00,778 INFO o.a.j.e.u.CompoundVariable: Note: Function class names must not contain the string: '.gui.'
2020-05-21 15:09:01,696 ERROR o.a.j.u.BeanShellInterpreter: Error invoking bsh method: eval	In file: inline evaluation of: ``import org.apache.jmeter.services.FileServer fileserver.getFileServer().getBaseD . . . '' Encountered "fileserver" at line 1, column 46.

2020-05-21 15:09:01,696 WARN o.a.j.f.BeanShell: Error running BSH script
org.apache.jorphan.util.JMeterException: Error invoking bsh method: eval	In file: inline evaluation of: ``import org.apache.jmeter.services.FileServer fileserver.getFileServer().getBaseD . . . '' Encountered "fileserver" at line 1, column 46.

	at org.apache.jmeter.util.BeanShellInterpreter.bshInvoke(BeanShellInterpreter.java:180) ~[ApacheJMeter_core.jar:5.2.1]
	at org.apache.jmeter.util.BeanShellInterpreter.eval(BeanShellInterpreter.java:186) ~[ApacheJMeter_core.jar:5.2.1]
	at org.apache.jmeter.functions.BeanShell.execute(BeanShell.java:100) [ApacheJMeter_functions.jar:5.2.1]
	at org.apache.jmeter.engine.util.CompoundVariable.execute(CompoundVariable.java:136) [ApacheJMeter_core.jar:5.2.1]
	at org.apache.jmeter.engine.util.CompoundVariable.execute(CompoundVariable.java:111) [ApacheJMeter_core.jar:5.2.1]
	at org.apache.jmeter.testelement.property.FunctionProperty.getStringValue(FunctionProperty.java:92) [ApacheJMeter_core.jar:5.2.1]
	at org.apache.jmeter.testelement.AbstractTestElement.getPropertyAsString(AbstractTestElement.java:281) [ApacheJMeter_core.jar:5.2.1]
	at org.apache.jmeter.config.Argument.getValue(Argument.java:146) [ApacheJMeter_core.jar:5.2.1]
	at org.apache.jmeter.config.Arguments.getArgumentsAsMap(Arguments.java:94) [ApacheJMeter_core.jar:5.2.1]
	at org.apache.jmeter.engine.PreCompiler.createArgumentsMap(PreCompiler.java:114) [ApacheJMeter_core.jar:5.2.1]
	at org.apache.jmeter.engine.PreCompiler.addNode(PreCompiler.java:101) [ApacheJMeter_core.jar:5.2.1]
	at org.apache.jorphan.collections.HashTree.traverseInto(HashTree.java:994) [jorphan.jar:5.2.1]
	at org.apache.jorphan.collections.HashTree.traverse(HashTree.java:977) [jorphan.jar:5.2.1]
	at org.apache.jmeter.engine.StandardJMeterEngine.run(StandardJMeterEngine.java:362) [ApacheJMeter_core.jar:5.2.1]
	at java.lang.Thread.run(Thread.java:834) [?:?]
Caused by: java.lang.reflect.InvocationTargetException
	at jdk.internal.reflect.NativeMethodAccessorImpl.invoke0(Native Method) ~[?:?]
	at jdk.internal.reflect.NativeMethodAccessorImpl.invoke(NativeMethodAccessorImpl.java:62) ~[?:?]
	at jdk.internal.reflect.DelegatingMethodAccessorImpl.invoke(DelegatingMethodAccessorImpl.java:43) ~[?:?]
	at java.lang.reflect.Method.invoke(Method.java:566) ~[?:?]
	at org.apache.jmeter.util.BeanShellInterpreter.bshInvoke(BeanShellInterpreter.java:163) ~[ApacheJMeter_core.jar:5.2.1]
	... 14 more
Caused by: bsh.ParseException: In file: inline evaluation of: ``import org.apache.jmeter.services.FileServer fileserver.getFileServer().getBaseD . . . '' Encountered "fileserver" at line 1, column 46.

	at bsh.Parser.generateParseException(Parser.java:6106) ~[bsh-2.0b6.jar:2.0b6 2016-02-05 05:16:19]
	at bsh.Parser.jj_consume_token(Parser.java:5977) ~[bsh-2.0b6.jar:2.0b6 2016-02-05 05:16:19]
	at bsh.Parser.ImportDeclaration(Parser.java:480) ~[bsh-2.0b6.jar:2.0b6 2016-02-05 05:16:19]
	at bsh.Parser.BlockStatement(Parser.java:2823) ~[bsh-2.0b6.jar:2.0b6 2016-02-05 05:16:19]
	at bsh.Parser.Line(Parser.java:172) ~[bsh-2.0b6.jar:2.0b6 2016-02-05 05:16:19]
	at bsh.Interpreter.Line(Interpreter.java:1011) ~[bsh-2.0b6.jar:2.0b6 2016-02-05 05:16:19]
	at bsh.Interpreter.eval(Interpreter.java:641) ~[bsh-2.0b6.jar:2.0b6 2016-02-05 05:16:19]
	at bsh.Interpreter.eval(Interpreter.java:750) ~[bsh-2.0b6.jar:2.0b6 2016-02-05 05:16:19]
	at bsh.Interpreter.eval(Interpreter.java:739) ~[bsh-2.0b6.jar:2.0b6 2016-02-05 05:16:19]
	at jdk.internal.reflect.NativeMethodAccessorImpl.invoke0(Native Method) ~[?:?]
	at jdk.internal.reflect.NativeMethodAccessorImpl.invoke(NativeMethodAccessorImpl.java:62) ~[?:?]
	at jdk.internal.reflect.DelegatingMethodAccessorImpl.invoke(DelegatingMethodAccessorImpl.java:43) ~[?:?]
	at java.lang.reflect.Method.invoke(Method.java:566) ~[?:?]
	at org.apache.jmeter.util.BeanShellInterpreter.bshInvoke(BeanShellInterpreter.java:163) ~[ApacheJMeter_core.jar:5.2.1]
	... 14 more
2020-05-21 15:09:01,704 INFO o.a.j.g.u.JMeterMenuBar: setRunning(true, *local*)
2020-05-21 15:09:01,788 INFO o.a.j.e.StandardJMeterEngine: Starting ThreadGroup: 1 : Thread Group
2020-05-21 15:09:01,789 INFO o.a.j.e.StandardJMeterEngine: Starting 1 threads for group Thread Group.
2020-05-21 15:09:01,789 INFO o.a.j.e.StandardJMeterEngine: Thread will continue on error
2020-05-21 15:09:01,789 INFO o.a.j.t.ThreadGroup: Starting thread group... number=1 threads=1 ramp-up=1 delayedStart=false
2020-05-21 15:09:01,795 INFO o.a.j.t.ThreadGroup: Started thread group number 1
2020-05-21 15:09:01,796 INFO o.a.j.e.StandardJMeterEngine: All thread groups have been started
2020-05-21 15:09:01,801 INFO o.a.j.t.JMeterThread: Thread started: Thread Group 1-1
2020-05-21 15:09:01,837 INFO o.a.j.p.h.s.HTTPHCAbstractImpl: Local host = Pedro
2020-05-21 15:09:01,852 INFO o.a.j.p.h.s.HTTPHC4Impl: HTTP request retry count = 0
2020-05-21 15:09:02,933 INFO o.a.j.t.JMeterThread: Thread is done: Thread Group 1-1
2020-05-21 15:09:02,933 INFO o.a.j.t.JMeterThread: Thread finished: Thread Group 1-1
2020-05-21 15:09:02,934 INFO o.a.j.e.StandardJMeterEngine: Starting tearDown thread groups
2020-05-21 15:09:02,934 INFO o.a.j.e.StandardJMeterEngine: Starting tearDown ThreadGroup: 1 : tearDown Thread Group
2020-05-21 15:09:02,935 INFO o.a.j.e.StandardJMeterEngine: Starting 1 threads for group tearDown Thread Group.
2020-05-21 15:09:02,935 INFO o.a.j.e.StandardJMeterEngine: Thread will continue on error
2020-05-21 15:09:02,935 INFO o.a.j.t.ThreadGroup: Starting thread group... number=1 threads=1 ramp-up=1 delayedStart=false
2020-05-21 15:09:02,936 INFO o.a.j.t.ThreadGroup: Started thread group number 1
2020-05-21 15:09:02,936 INFO o.a.j.t.JMeterThread: Thread started: tearDown Thread Group 1-1
2020-05-21 15:09:04,157 INFO o.a.j.t.JMeterThread: Thread is done: tearDown Thread Group 1-1
2020-05-21 15:09:04,157 INFO o.a.j.t.JMeterThread: Thread finished: tearDown Thread Group 1-1
2020-05-21 15:09:04,157 INFO o.a.j.e.StandardJMeterEngine: Notifying test listeners of end of test
2020-05-21 15:09:04,166 INFO o.a.j.g.u.JMeterMenuBar: setRunning(false, *local*)
2020-05-21 15:10:19,494 INFO o.a.j.e.StandardJMeterEngine: Running the test!
2020-05-21 15:10:19,495 INFO o.a.j.s.SampleEvent: List of sample_variables: []
2020-05-21 15:10:19,500 ERROR o.a.j.u.BeanShellInterpreter: Error invoking bsh method: eval	In file: inline evaluation of: ``import org.apache.jmeter.services.FileServer fileserver.getFileServer().getBaseD . . . '' Encountered "fileserver" at line 1, column 46.

2020-05-21 15:10:19,500 WARN o.a.j.f.BeanShell: Error running BSH script
org.apache.jorphan.util.JMeterException: Error invoking bsh method: eval	In file: inline evaluation of: ``import org.apache.jmeter.services.FileServer fileserver.getFileServer().getBaseD . . . '' Encountered "fileserver" at line 1, column 46.

	at org.apache.jmeter.util.BeanShellInterpreter.bshInvoke(BeanShellInterpreter.java:180) ~[ApacheJMeter_core.jar:5.2.1]
	at org.apache.jmeter.util.BeanShellInterpreter.eval(BeanShellInterpreter.java:186) ~[ApacheJMeter_core.jar:5.2.1]
	at org.apache.jmeter.functions.BeanShell.execute(BeanShell.java:100) [ApacheJMeter_functions.jar:5.2.1]
	at org.apache.jmeter.engine.util.CompoundVariable.execute(CompoundVariable.java:136) [ApacheJMeter_core.jar:5.2.1]
	at org.apache.jmeter.engine.util.CompoundVariable.execute(CompoundVariable.java:111) [ApacheJMeter_core.jar:5.2.1]
	at org.apache.jmeter.testelement.property.FunctionProperty.getStringValue(FunctionProperty.java:92) [ApacheJMeter_core.jar:5.2.1]
	at org.apache.jmeter.testelement.AbstractTestElement.getPropertyAsString(AbstractTestElement.java:281) [ApacheJMeter_core.jar:5.2.1]
	at org.apache.jmeter.config.Argument.getValue(Argument.java:146) [ApacheJMeter_core.jar:5.2.1]
	at org.apache.jmeter.config.Arguments.getArgumentsAsMap(Arguments.java:94) [ApacheJMeter_core.jar:5.2.1]
	at org.apache.jmeter.engine.PreCompiler.createArgumentsMap(PreCompiler.java:114) [ApacheJMeter_core.jar:5.2.1]
	at org.apache.jmeter.engine.PreCompiler.addNode(PreCompiler.java:101) [ApacheJMeter_core.jar:5.2.1]
	at org.apache.jorphan.collections.HashTree.traverseInto(HashTree.java:994) [jorphan.jar:5.2.1]
	at org.apache.jorphan.collections.HashTree.traverse(HashTree.java:977) [jorphan.jar:5.2.1]
	at org.apache.jmeter.engine.StandardJMeterEngine.run(StandardJMeterEngine.java:362) [ApacheJMeter_core.jar:5.2.1]
	at java.lang.Thread.run(Thread.java:834) [?:?]
Caused by: java.lang.reflect.InvocationTargetException
	at jdk.internal.reflect.NativeMethodAccessorImpl.invoke0(Native Method) ~[?:?]
	at jdk.internal.reflect.NativeMethodAccessorImpl.invoke(NativeMethodAccessorImpl.java:62) ~[?:?]
	at jdk.internal.reflect.DelegatingMethodAccessorImpl.invoke(DelegatingMethodAccessorImpl.java:43) ~[?:?]
	at java.lang.reflect.Method.invoke(Method.java:566) ~[?:?]
	at org.apache.jmeter.util.BeanShellInterpreter.bshInvoke(BeanShellInterpreter.java:163) ~[ApacheJMeter_core.jar:5.2.1]
	... 14 more
Caused by: bsh.ParseException: In file: inline evaluation of: ``import org.apache.jmeter.services.FileServer fileserver.getFileServer().getBaseD . . . '' Encountered "fileserver" at line 1, column 46.

	at bsh.Parser.generateParseException(Parser.java:6106) ~[bsh-2.0b6.jar:2.0b6 2016-02-05 05:16:19]
	at bsh.Parser.jj_consume_token(Parser.java:5977) ~[bsh-2.0b6.jar:2.0b6 2016-02-05 05:16:19]
	at bsh.Parser.ImportDeclaration(Parser.java:480) ~[bsh-2.0b6.jar:2.0b6 2016-02-05 05:16:19]
	at bsh.Parser.BlockStatement(Parser.java:2823) ~[bsh-2.0b6.jar:2.0b6 2016-02-05 05:16:19]
	at bsh.Parser.Line(Parser.java:172) ~[bsh-2.0b6.jar:2.0b6 2016-02-05 05:16:19]
	at bsh.Interpreter.Line(Interpreter.java:1011) ~[bsh-2.0b6.jar:2.0b6 2016-02-05 05:16:19]
	at bsh.Interpreter.eval(Interpreter.java:641) ~[bsh-2.0b6.jar:2.0b6 2016-02-05 05:16:19]
	at bsh.Interpreter.eval(Interpreter.java:750) ~[bsh-2.0b6.jar:2.0b6 2016-02-05 05:16:19]
	at bsh.Interpreter.eval(Interpreter.java:739) ~[bsh-2.0b6.jar:2.0b6 2016-02-05 05:16:19]
	at jdk.internal.reflect.NativeMethodAccessorImpl.invoke0(Native Method) ~[?:?]
	at jdk.internal.reflect.NativeMethodAccessorImpl.invoke(NativeMethodAccessorImpl.java:62) ~[?:?]
	at jdk.internal.reflect.DelegatingMethodAccessorImpl.invoke(DelegatingMethodAccessorImpl.java:43) ~[?:?]
	at java.lang.reflect.Method.invoke(Method.java:566) ~[?:?]
	at org.apache.jmeter.util.BeanShellInterpreter.bshInvoke(BeanShellInterpreter.java:163) ~[ApacheJMeter_core.jar:5.2.1]
	... 14 more
2020-05-21 15:10:19,504 INFO o.a.j.g.u.JMeterMenuBar: setRunning(true, *local*)
2020-05-21 15:10:19,576 INFO o.a.j.e.StandardJMeterEngine: Starting ThreadGroup: 1 : Thread Group
2020-05-21 15:10:19,577 INFO o.a.j.e.StandardJMeterEngine: Starting 1 threads for group Thread Group.
2020-05-21 15:10:19,578 INFO o.a.j.e.StandardJMeterEngine: Thread will continue on error
2020-05-21 15:10:19,579 INFO o.a.j.t.ThreadGroup: Starting thread group... number=1 threads=1 ramp-up=1 delayedStart=false
2020-05-21 15:10:19,584 INFO o.a.j.t.ThreadGroup: Started thread group number 1
2020-05-21 15:10:19,584 INFO o.a.j.e.StandardJMeterEngine: All thread groups have been started
2020-05-21 15:10:19,590 INFO o.a.j.t.JMeterThread: Thread started: Thread Group 1-1
2020-05-21 15:10:21,440 INFO o.a.j.t.JMeterThread: Thread is done: Thread Group 1-1
2020-05-21 15:10:21,441 INFO o.a.j.t.JMeterThread: Thread finished: Thread Group 1-1
2020-05-21 15:10:21,443 INFO o.a.j.e.StandardJMeterEngine: Starting tearDown thread groups
2020-05-21 15:10:21,443 INFO o.a.j.e.StandardJMeterEngine: Starting tearDown ThreadGroup: 1 : tearDown Thread Group
2020-05-21 15:10:21,444 INFO o.a.j.e.StandardJMeterEngine: Starting 1 threads for group tearDown Thread Group.
2020-05-21 15:10:21,444 INFO o.a.j.e.StandardJMeterEngine: Thread will continue on error
2020-05-21 15:10:21,444 INFO o.a.j.t.ThreadGroup: Starting thread group... number=1 threads=1 ramp-up=1 delayedStart=false
2020-05-21 15:10:21,446 INFO o.a.j.t.ThreadGroup: Started thread group number 1
2020-05-21 15:10:21,446 INFO o.a.j.t.JMeterThread: Thread started: tearDown Thread Group 1-1
2020-05-21 15:10:21,634 INFO o.a.j.t.JMeterThread: Thread is done: tearDown Thread Group 1-1
2020-05-21 15:10:21,635 INFO o.a.j.t.JMeterThread: Thread finished: tearDown Thread Group 1-1
2020-05-21 15:10:21,635 INFO o.a.j.e.StandardJMeterEngine: Notifying test listeners of end of test
2020-05-21 15:10:21,638 INFO o.a.j.g.u.JMeterMenuBar: setRunning(false, *local*)
